Log file open, 01/11/19 20:53:58
LogWindows: Failed to load 'aqProf.dll' (GetLastError=126)
LogWindows: File 'aqProf.dll' does not exist
LogWindows: Failed to load 'VSPerf140.dll' (GetLastError=126)
LogWindows: File 'VSPerf140.dll' does not exist
LogWindows: Failed to load 'VtuneApi.dll' (GetLastError=126)
LogWindows: File 'VtuneApi.dll' does not exist
LogWindows: Failed to load 'VtuneApi32e.dll' (GetLastError=126)
LogWindows: File 'VtuneApi32e.dll' does not exist
LogInit: Display: Running engine for game: BearGame
LogPlatformFile: Not using cached read wrapper
LogTaskGraph: Started task graph with 5 named threads and 23 total threads with 3 sets of task threads.
LogStats: Stats thread started at 0.285627
LogD3D11RHI: Loaded GFSDK_Aftermath_Lib.x64.dll
LogICUInternationalization: Display: ICU TimeZone Detection - Raw Offset: -5:00, Platform Override: ''
LogPluginManager: Mounting plugin Paper2D
LogPluginManager: Mounting plugin AISupport
LogPluginManager: Mounting plugin LightPropagationVolume
LogPluginManager: Mounting plugin CLionSourceCodeAccess
LogPluginManager: Mounting plugin CodeLiteSourceCodeAccess
LogPluginManager: Mounting plugin GitSourceControl
LogPluginManager: Mounting plugin KDevelopSourceCodeAccess
LogPluginManager: Mounting plugin NullSourceCodeAccess
LogPluginManager: Mounting plugin PerforceSourceControl
LogPluginManager: Mounting plugin SubversionSourceControl
LogPluginManager: Mounting plugin UObjectPlugin
LogPluginManager: Mounting plugin VisualStudioCodeSourceCodeAccess
LogPluginManager: Mounting plugin VisualStudioSourceCodeAccess
LogPluginManager: Mounting plugin XCodeSourceCodeAccess
LogPluginManager: Mounting plugin AssetManagerEditor
LogPluginManager: Mounting plugin CryptoKeys
LogPluginManager: Mounting plugin DataValidation
LogPluginManager: Mounting plugin FacialAnimation
LogPluginManager: Mounting plugin GameplayTagsEditor
LogPluginManager: Mounting plugin MacGraphicsSwitching
LogPluginManager: Mounting plugin MeshEditor
LogPluginManager: Mounting plugin MobileLauncherProfileWizard
LogPluginManager: Mounting plugin PluginBrowser
LogPluginManager: Mounting plugin SpeedTreeImporter
LogPluginManager: Mounting plugin DatasmithContent
LogPluginManager: Mounting plugin AlembicImporter
LogPluginManager: Mounting plugin AppleImageUtils
LogPluginManager: Mounting plugin AppleVision
LogPluginManager: Mounting plugin BackChannel
LogPluginManager: Mounting plugin CharacterAI
LogPluginManager: Mounting plugin GeometryCache
LogPluginManager: Mounting plugin HTML5Networking
LogPluginManager: Mounting plugin ProxyLODPlugin
LogPluginManager: Mounting plugin MagicLeap
LogPluginManager: Mounting plugin MagicLeapEmulator
LogPluginManager: Mounting plugin MagicLeapMedia
LogPluginManager: Mounting plugin AndroidMedia
LogPluginManager: Mounting plugin AvfMedia
LogPluginManager: Mounting plugin ImgMedia
LogPluginManager: Mounting plugin LinearTimecode
LogPluginManager: Mounting plugin MediaCompositing
LogPluginManager: Mounting plugin MediaPlayerEditor
LogPluginManager: Mounting plugin WmfMedia
LogPluginManager: Mounting plugin TcpMessaging
LogPluginManager: Mounting plugin UdpMessaging
LogPluginManager: Mounting plugin ActorSequence
LogPluginManager: Mounting plugin LevelSequenceEditor
LogPluginManager: Mounting plugin MatineeToLevelSequence
LogPluginManager: Mounting plugin NetcodeUnitTest
LogPluginManager: Mounting plugin NUTUnrealEngine4
LogPluginManager: Mounting plugin OnlineSubsystemGooglePlay
LogPluginManager: Mounting plugin OnlineSubsystemIOS
LogPluginManager: Mounting plugin OnlineSubsystem
LogPluginManager: Mounting plugin OnlineSubsystemNull
LogPluginManager: Mounting plugin OnlineSubsystemUtils
LogPluginManager: Mounting plugin LauncherChunkInstaller
LogPluginManager: Mounting plugin AndroidDeviceProfileSelector
LogPluginManager: Mounting plugin AndroidMoviePlayer
LogPluginManager: Mounting plugin AndroidPermission
LogPluginManager: Mounting plugin AppleMoviePlayer
LogPluginManager: Mounting plugin ArchVisCharacter
LogPluginManager: Mounting plugin AudioCapture
LogPluginManager: Mounting plugin CableComponent
LogPluginManager: Mounting plugin CustomMeshComponent
LogPluginManager: Mounting plugin EditableMesh
LogPluginManager: Mounting plugin ExampleDeviceProfileSelector
LogPluginManager: Mounting plugin GoogleCloudMessaging
LogPluginManager: Mounting plugin ImmediatePhysics
LogPluginManager: Mounting plugin IOSDeviceProfileSelector
LogPluginManager: Mounting plugin LinuxDeviceProfileSelector
LogPluginManager: Mounting plugin LocationServicesBPLibrary
LogPluginManager: Mounting plugin MobilePatchingUtils
LogPluginManager: Mounting plugin OculusVR
LogPluginManager: Plugin shader directory ../../../Engine/Plugins/Runtime/Oculus/OculusVR/Shaders found
LogPluginManager: Mapping shader source directory ../../../Engine/Plugins/Runtime/Oculus/OculusVR/Shaders to virtual directory /Plugin/OculusVR
LogPluginManager: Mounting plugin PhysXVehicles
LogPluginManager: Mounting plugin ProceduralMeshComponent
LogPluginManager: Mounting plugin RuntimePhysXCooking
LogPluginManager: Mounting plugin SteamVR
LogPluginManager: Mounting plugin WindowsMoviePlayer
LogStreaming: Display: Took  0.552s to configure plugins.
LogInit: Using libcurl 7.55.1-DEV
LogInit:  - built for x86_64-pc-win32
LogInit:  - supports SSL with OpenSSL/1.0.2h
LogInit:  - supports HTTP deflate (compression) using libz 1.2.8
LogInit:  - other features:
LogInit:      CURL_VERSION_SSL
LogInit:      CURL_VERSION_LIBZ
LogInit:      CURL_VERSION_IPV6
LogInit:      CURL_VERSION_ASYNCHDNS
LogInit:      CURL_VERSION_LARGEFILE
LogInit:      CURL_VERSION_IDN
LogInit:  CurlRequestOptions (configurable via config and command line):
LogInit:  - bVerifyPeer = false  - Libcurl will NOT verify peer certificate
LogInit:  - bUseHttpProxy = false  - Libcurl will NOT use HTTP proxy
LogInit:  - bDontReuseConnections = false  - Libcurl will reuse connections
LogInit:  - CertBundlePath = nullptr  - Libcurl will use whatever was configured at build time.
LogInit:  - MaxHostConnections = 16  - Libcurl will limit the number of connections to a host
LogInit:  - LocalHostAddr = Default
LogInit:  - BufferSize = 65536
LogInit: WinSock: version 1.1 (2.2), MaxSocks=32767, MaxUdp=65467
LogInit: Build: ++UE4+Release-4.20-CL-4369336
LogInit: Engine Version: 4.20.3-4369336+++UE4+Release-4.20
LogInit: Compatible Engine Version: 4.20.0-4212847+++UE4+Release-4.20
LogInit: Net CL: 4212847
LogInit: OS: Windows 10 (), CPU: Intel(R) Core(TM) i7-4790 CPU @ 3.60GHz, GPU: NVIDIA GeForce GTX 760
LogInit: Compiled (64-bit): Sep 17 2018 12:26:19
LogInit: Compiled with Visual C++: 19.13.26129.00
LogInit: Build Configuration: Development
LogInit: Branch Name: ++UE4+Release-4.20
LogInit: Command Line: 
LogInit: Base Directory: C:/Program Files/Epic Games/UE_4.20/Engine/Binaries/Win64/
LogInit: Installed Engine Build: 1
LogDevObjectVersion: Number of dev versions registered: 20
LogDevObjectVersion:   Dev-Blueprints (B0D832E4-1F89-4F0D-ACCF-7EB736FD4AA2): 10
LogDevObjectVersion:   Dev-Build (E1C64328-A22C-4D53-A36C-8E866417BD8C): 0
LogDevObjectVersion:   Dev-Core (375EC13C-06E4-48FB-B500-84F0262A717E): 2
LogDevObjectVersion:   Dev-Editor (E4B068ED-F494-42E9-A231-DA0B2E46BB41): 24
LogDevObjectVersion:   Dev-Framework (CFFC743F-43B0-4480-9391-14DF171D2073): 34
LogDevObjectVersion:   Dev-Mobile (B02B49B5-BB20-44E9-A304-32B752E40360): 2
LogDevObjectVersion:   Dev-Networking (A4E4105C-59A1-49B5-A7C5-40C4547EDFEE): 0
LogDevObjectVersion:   Dev-Online (39C831C9-5AE6-47DC-9A44-9C173E1C8E7C): 0
LogDevObjectVersion:   Dev-Physics (78F01B33-EBEA-4F98-B9B4-84EACCB95AA2): 0
LogDevObjectVersion:   Dev-Platform (6631380F-2D4D-43E0-8009-CF276956A95A): 0
LogDevObjectVersion:   Dev-Rendering (12F88B9F-8875-4AFC-A67C-D90C383ABD29): 26
LogDevObjectVersion:   Dev-Sequencer (7B5AE74C-D270-4C10-A958-57980B212A5A): 9
LogDevObjectVersion:   Dev-VR (D7296918-1DD6-4BDD-9DE2-64A83CC13884): 2
LogDevObjectVersion:   Dev-LoadTimes (C2A15278-BFE7-4AFE-6C17-90FF531DF755): 1
LogDevObjectVersion:   Private-Geometry (6EACA3D4-40EC-4CC1-B786-8BED09428FC5): 3
LogDevObjectVersion:   Dev-AnimPhys (29E575DD-E0A3-4627-9D10-D276232CDCEA): 17
LogDevObjectVersion:   Dev-ReflectionCapture (6B266CEC-1EC7-4B8F-A30B-E4D90942FC07): 1
LogDevObjectVersion:   Dev-Automation (0DF73D61-A23F-47EA-B727-89E90C41499A): 1
LogDevObjectVersion:   FortniteMain (601D1886-AC64-4F84-AA16-D3DE0DEAC7D6): 12
LogDevObjectVersion:   Dev-Enterprise (9DFFBCD6-494F-0158-E221-12823C92A888): 1
LogStreaming: Display: Took  0.002s to delete old logs.
LogInit: Presizing for max 8388607 objects, including 0 objects not considered by GC, pre-allocating 0 bytes for permanent pool.
LogInit: Object subsystem initialized
[2019.01.12-01.53.59:130][  0]LogInit: Selected Device Profile: [Windows]
[2019.01.12-01.53.59:130][  0]LogInit: Applying CVar settings loaded from the selected device profile: [Windows]
[2019.01.12-01.53.59:150][  0]LogHAL: Display: Platform has ~ 32 GB [34308571136 / 34359738368 / 32], which maps to Largest [LargestMinGB=32, LargerMinGB=12, DefaultMinGB=8, SmallerMinGB=6, SmallestMinGB=0)
[2019.01.12-01.53.59:150][  0]LogInit: Setting Device Profile CVar: [[r.Vulkan.UseRealUBs:1]]
[2019.01.12-01.53.59:150][  0]LogInit: Going up to parent DeviceProfile []
[2019.01.12-01.53.59:150][  0]LogInit: Computer: 326-I4
[2019.01.12-01.53.59:150][  0]LogInit: User: gfleury
[2019.01.12-01.53.59:150][  0]LogInit: CPU Page size=4096, Cores=4
[2019.01.12-01.53.59:150][  0]LogInit: High frequency timer resolution =3.507519 MHz
[2019.01.12-01.53.59:150][  0]LogMemory: Memory total: Physical=32.0GB (32GB approx)
[2019.01.12-01.53.59:150][  0]LogMemory: Platform Memory Stats for Windows
[2019.01.12-01.53.59:150][  0]LogMemory: Process Physical Memory: 99.87 MB used, 99.87 MB peak
[2019.01.12-01.53.59:150][  0]LogMemory: Process Virtual Memory: 90.96 MB used, 90.96 MB peak
[2019.01.12-01.53.59:150][  0]LogMemory: Physical Memory: 6964.56 MB used,  25754.64 MB free, 32719.20 MB total
[2019.01.12-01.53.59:150][  0]LogMemory: Virtual Memory: 4642.01 MB used,  25754.64 MB free, 134217728.00 MB total
[2019.01.12-01.53.59:164][  0]LogInit: Using OS detected language (fr-CA).
[2019.01.12-01.53.59:164][  0]LogInit: Using OS detected locale (fr-CA).
[2019.01.12-01.53.59:165][  0]LogTextLocalizationManager: No specific localization for 'fr-CA' exists, so the 'fr' localization will be used.
[2019.01.12-01.53.59:167][  0]LogStreaming: Display: Took  0.003s to InitEngineTextLocalization.
[2019.01.12-01.53.59:167][  0]LogInit: Setting process to per monitor DPI aware
[2019.01.12-01.53.59:205][  0]LogSlate: New Slate User Created.  User Index 0, Is Virtual User: 0
[2019.01.12-01.53.59:205][  0]LogSlate: Slate User Registered.  User Index 0, Is Virtual User: 0
[2019.01.12-01.53.59:406][  0]LogHMD: Failed to initialize OpenVR with code 110
[2019.01.12-01.53.59:406][  0]LogD3D11RHI: D3D11 adapters:
[2019.01.12-01.53.59:455][  0]LogD3D11RHI:    0. 'NVIDIA GeForce GTX 760' (Feature Level 11_0)
[2019.01.12-01.53.59:455][  0]LogD3D11RHI:       2007/0/16359 MB DedicatedVideo/DedicatedSystem/SharedSystem, Outputs:2, VendorId:0x10de
[2019.01.12-01.53.59:457][  0]LogD3D11RHI:    1. 'Microsoft Basic Render Driver' (Feature Level 11_0)
[2019.01.12-01.53.59:457][  0]LogD3D11RHI:       0/0/16359 MB DedicatedVideo/DedicatedSystem/SharedSystem, Outputs:0, VendorId:0x1414
[2019.01.12-01.53.59:457][  0]LogD3D11RHI: Chosen D3D11 Adapter: 0
[2019.01.12-01.53.59:462][  0]LogD3D11RHI: Creating new Direct3DDevice
[2019.01.12-01.53.59:462][  0]LogD3D11RHI:     GPU DeviceId: 0x1187 (for the marketing name, search the web for "GPU Device Id")
[2019.01.12-01.53.59:462][  0]LogWindows: EnumDisplayDevices:
[2019.01.12-01.53.59:462][  0]LogWindows:    0. 'NVIDIA GeForce GTX 760' (P:1 D:1)
[2019.01.12-01.53.59:462][  0]LogWindows:    1. 'NVIDIA GeForce GTX 760' (P:0 D:1)
[2019.01.12-01.53.59:462][  0]LogWindows:    2. 'NVIDIA GeForce GTX 760' (P:0 D:0)
[2019.01.12-01.53.59:463][  0]LogWindows:    3. 'NVIDIA GeForce GTX 760' (P:0 D:0)
[2019.01.12-01.53.59:463][  0]LogWindows: DebugString: FoundDriverCount:4 
[2019.01.12-01.53.59:463][  0]LogD3D11RHI:     Adapter Name: NVIDIA GeForce GTX 760
[2019.01.12-01.53.59:463][  0]LogD3D11RHI:   Driver Version: 398.82 (internal:24.21.13.9882, unified:398.82)
[2019.01.12-01.53.59:463][  0]LogD3D11RHI:      Driver Date: 7-30-2018
[2019.01.12-01.53.59:463][  0]LogRHI: Texture pool is 1404 MB (70% of 2007 MB)
[2019.01.12-01.53.59:491][  0]LogD3D11RHI: Async texture creation enabled
[2019.01.12-01.53.59:508][  0]LogD3D11RHI: GPU Timing Frequency: 1000.000000 (Debug: 2 2)
[2019.01.12-01.53.59:510][  0]LogShaderCompilers: Guid format shader working directory is 26 characters bigger than the processId version (H:/HalfMoitie/BearGame/Intermediate/Shaders/WorkingDirectory/7820/).
[2019.01.12-01.53.59:510][  0]LogShaderCompilers: Cleaned the shader compiler working directory 'C:/Users/gfleury/AppData/Local/Temp/UnrealShaderWorkingDir/AAB3FE604C97A1F6CF47548EEBC022D8/'.
[2019.01.12-01.53.59:743][  0]LogTemp: Display: Loaded TP AllDesktopTargetPlatform
[2019.01.12-01.53.59:759][  0]LogTemp: Display: Loaded TP MacClientTargetPlatform
[2019.01.12-01.53.59:775][  0]LogTemp: Display: Loaded TP MacNoEditorTargetPlatform
[2019.01.12-01.53.59:791][  0]LogTemp: Display: Loaded TP MacServerTargetPlatform
[2019.01.12-01.53.59:807][  0]LogTemp: Display: Loaded TP MacTargetPlatform
[2019.01.12-01.53.59:822][  0]LogTemp: Display: Loaded TP WindowsClientTargetPlatform
[2019.01.12-01.53.59:837][  0]LogTemp: Display: Loaded TP WindowsNoEditorTargetPlatform
[2019.01.12-01.53.59:857][  0]LogTemp: Display: Loaded TP WindowsServerTargetPlatform
[2019.01.12-01.53.59:863][  0]LogTemp: Display: Loaded TP WindowsTargetPlatform
[2019.01.12-01.53.59:940][  0]LogTemp: Display: Loaded TP AndroidTargetPlatform
[2019.01.12-01.53.59:940][  0]LogTemp: Display: Loaded TP AndroidTargetPlatform
[2019.01.12-01.53.59:940][  0]LogTemp: Display: Loaded TP AndroidTargetPlatform
[2019.01.12-01.53.59:940][  0]LogTemp: Display: Loaded TP AndroidTargetPlatform
[2019.01.12-01.53.59:940][  0]LogTemp: Display: Loaded TP AndroidTargetPlatform
[2019.01.12-01.53.59:940][  0]LogTemp: Display: Loaded TP AndroidTargetPlatform
[2019.01.12-01.53.59:940][  0]LogTemp: Display: Loaded TP AndroidTargetPlatform
[2019.01.12-01.53.59:940][  0]LogTemp: Display: Loaded TP AndroidTargetPlatform
[2019.01.12-01.53.59:940][  0]LogTemp: Display: Loaded TP AndroidTargetPlatform
[2019.01.12-01.53.59:940][  0]LogTemp: Display: Loaded TP AndroidTargetPlatform
[2019.01.12-01.53.59:940][  0]LogTemp: Display: Loaded TP AndroidTargetPlatform
[2019.01.12-01.53.59:940][  0]LogTemp: Display: Loaded TP AndroidTargetPlatform
[2019.01.12-01.53.59:940][  0]LogTemp: Display: Loaded TP AndroidTargetPlatform
[2019.01.12-01.53.59:940][  0]LogTemp: Display: Loaded TP AndroidTargetPlatform
[2019.01.12-01.53.59:940][  0]LogTemp: Display: Loaded TP AndroidTargetPlatform
[2019.01.12-01.53.59:940][  0]LogTemp: Display: Loaded TP AndroidTargetPlatform
[2019.01.12-01.53.59:940][  0]LogTemp: Display: Loaded TP AndroidTargetPlatform
[2019.01.12-01.53.59:940][  0]LogTemp: Display: Loaded TP AndroidTargetPlatform
[2019.01.12-01.53.59:942][  0]LogTemp: Display: Loaded TP HTML5TargetPlatform
[2019.01.12-01.54.00:004][  0]LogTemp: Display: Loaded TP IOSTargetPlatform
[2019.01.12-01.54.00:004][  0]LogTemp: Display: Loaded TP IOSTargetPlatform
[2019.01.12-01.54.00:031][  0]LogTemp: Display: Loaded TP TVOSTargetPlatform
[2019.01.12-01.54.00:031][  0]LogTemp: Display: Loaded TP TVOSTargetPlatform
[2019.01.12-01.54.00:044][  0]LogTemp: Display: Loaded TP LinuxClientTargetPlatform
[2019.01.12-01.54.00:058][  0]LogTemp: Display: Loaded TP LinuxNoEditorTargetPlatform
[2019.01.12-01.54.00:072][  0]LogTemp: Display: Loaded TP LinuxServerTargetPlatform
[2019.01.12-01.54.00:086][  0]LogTemp: Display: Loaded TP LinuxTargetPlatform
[2019.01.12-01.54.00:095][  0]LogTemp: Display: Loaded TP LuminTargetPlatform
[2019.01.12-01.54.00:095][  0]LogTargetPlatformManager: Display: Building Assets For Windows
[2019.01.12-01.54.00:148][  0]LogXGEController: Cannot use XGE Controller as Incredibuild is not installed on this machine.
[2019.01.12-01.54.00:148][  0]LogShaderCompilers: Cannot use XGE Shader Compiler as Incredibuild is not installed on this machine.
[2019.01.12-01.54.00:148][  0]LogShaderCompilers: Display: Using Local Shader Compiler.
[2019.01.12-01.54.00:855][  0]LogDerivedDataCache: Display: Max Cache Size: 512 MB
[2019.01.12-01.54.00:909][  0]LogDerivedDataCache: Loaded boot cache 0.05s 87MB C:/Users/gfleury/AppData/Local/UnrealEngine/4.20/DerivedDataCache/Boot.ddc.
[2019.01.12-01.54.00:910][  0]LogDerivedDataCache: Display: Loaded Boot cache: C:/Users/gfleury/AppData/Local/UnrealEngine/4.20/DerivedDataCache/Boot.ddc
[2019.01.12-01.54.00:910][  0]LogDerivedDataCache: FDerivedDataBackendGraph:  Pak pak cache file H:/HalfMoitie/BearGame/DerivedDataCache/DDC.ddp not found, will not use a pak cache.
[2019.01.12-01.54.00:910][  0]LogDerivedDataCache: Unable to find inner node Pak for hierarchical cache Hierarchy.
[2019.01.12-01.54.00:910][  0]LogDerivedDataCache: FDerivedDataBackendGraph:  CompressedPak pak cache file H:/HalfMoitie/BearGame/DerivedDataCache/Compressed.ddp not found, will not use a pak cache.
[2019.01.12-01.54.00:910][  0]LogDerivedDataCache: Unable to find inner node CompressedPak for hierarchical cache Hierarchy.
[2019.01.12-01.54.00:921][  0]LogDerivedDataCache: Display: Pak cache opened for reading ../../../Engine/DerivedDataCache/Compressed.ddp.
[2019.01.12-01.54.00:934][  0]LogDerivedDataCache: Using Local data cache path C:/Users/gfleury/AppData/Local/UnrealEngine/Common/DerivedDataCache: Writable
[2019.01.12-01.54.00:934][  0]LogDerivedDataCache: Shared data cache path not found in *engine.ini, will not use an Shared cache.
[2019.01.12-01.54.00:934][  0]LogDerivedDataCache: Unable to find inner node Shared for hierarchical cache Hierarchy.
[2019.01.12-01.54.00:951][  0]LogMaterial: Verifying Global Shaders for PCD3D_SM5
[2019.01.12-01.54.00:952][  0]LogSlate: Using FreeType 2.6.0
[2019.01.12-01.54.00:953][  0]LogSlate: SlateFontServices - WITH_FREETYPE: 1, WITH_HARFBUZZ: 1
[2019.01.12-01.54.01:037][  0]LogAssetRegistry: FAssetRegistry took 0.0258 seconds to start up
[2019.01.12-01.54.01:368][  0]LogInit: Selected Device Profile: [Windows]
[2019.01.12-01.54.01:493][  0]LogSimplygon: Simplygon DLL not present - disabling.
[2019.01.12-01.54.01:496][  0]LogMeshReduction: Using SimplygonSwarm for distributed automatic mesh merging
[2019.01.12-01.54.01:496][  0]LogMeshReduction: Using ProxyLODMeshReduction for automatic mesh merging
[2019.01.12-01.54.01:496][  0]LogMeshReduction: Using QuadricMeshReduction for automatic static mesh reduction
[2019.01.12-01.54.01:496][  0]LogMeshReduction: No automatic skeletal mesh reduction module available
[2019.01.12-01.54.01:512][  0]LogNetVersion: BearGame 1.0.0, NetCL: 4212847, EngineNetVer: 5, GameNetVer: 0 (Checksum: 2822603295)
[2019.01.12-01.54.02:122][  0]LogPackageLocalizationCache: Processed 11 localized package path(s) for 2 prioritized culture(s) in 0.230339 seconds
[2019.01.12-01.54.02:128][  0]LogUObjectArray: 38425 objects as part of root set at end of initial load.
[2019.01.12-01.54.02:128][  0]LogUObjectAllocator: 6690864 out of 0 bytes used by permanent object pool.
[2019.01.12-01.54.02:128][  0]LogUObjectArray: CloseDisregardForGC: 0/0 objects in disregard for GC pool
[2019.01.12-01.54.03:079][  0]LogTcpMessaging: Initializing TcpMessaging bridge
[2019.01.12-01.54.03:092][  0]LogUdpMessaging: Initializing bridge on interface 0.0.0.0:0 to multicast group 230.0.0.1:6666.
[2019.01.12-01.54.03:093][  0]LogDirectoryWatcher: A directory notification failed for 'H:/HalfMoitie/BearGame/Content/' because it was empty or there was a buffer overflow. Attemping another request...
[2019.01.12-01.54.03:240][  0]SourceControl: Source control is disabled
[2019.01.12-01.54.03:241][  0]SourceControl: Source control is disabled
[2019.01.12-01.54.03:242][  0]SourceControl: Source control is disabled
[2019.01.12-01.54.03:243][  0]SourceControl: Source control is disabled
[2019.01.12-01.54.03:430][  0]LogAndroidPermission: UAndroidPermissionCallbackProxy::GetInstance
[2019.01.12-01.54.03:451][  0]LogOcInput: OculusInput pre-init called
[2019.01.12-01.54.03:509][  0]LogEngine: Initializing Engine...
[2019.01.12-01.54.03:509][  0]LogHMD: Failed to initialize OpenVR with code 110
[2019.01.12-01.54.03:511][  0]LogStats: UGameplayTagsManager::ConstructGameplayTagTree: ImportINI prefixes -  0.000 s
[2019.01.12-01.54.03:511][  0]LogStats: UGameplayTagsManager::ConstructGameplayTagTree: Construct from data asset -  0.000 s
[2019.01.12-01.54.03:512][  0]LogStats: UGameplayTagsManager::ConstructGameplayTagTree: ImportINI -  0.001 s
[2019.01.12-01.54.03:512][  0]LogStats: UGameplayTagsManager::ConstructGameplayTagTree: GameplayTagTreeChangedEvent.Broadcast -  0.000 s
[2019.01.12-01.54.03:704][  0]LogInit: Initializing FReadOnlyCVARCache
[2019.01.12-01.54.03:717][  0]LogAIModule: Creating AISystem for world Untitled
[2019.01.12-01.54.03:723][  0]LogInit: No audio devices found!
[2019.01.12-01.54.03:723][  0]LogNetVersion: Set ProjectVersion to 1.0.0.0. Version Checksum will be recalculated on next use.
[2019.01.12-01.54.03:864][  0]LogDerivedDataCache: Saved boot cache 0.14s 71MB C:/Users/gfleury/AppData/Local/UnrealEngine/4.20/DerivedDataCache/Boot.ddc.
[2019.01.12-01.54.03:871][  0]LogInit: Texture streaming: Enabled
[2019.01.12-01.54.03:888][  0]LogEngineSessionManager: EngineSessionManager initialized
[2019.01.12-01.54.03:899][  0]LogInit: Transaction tracking system initialized
[2019.01.12-01.54.03:918][  0]BlueprintLog: New page: Editor Load
[2019.01.12-01.54.03:993][  0]LocalizationService: Localization service is disabled
[2019.01.12-01.54.04:242][  0]LogCook: Display: Max memory allowance for cook 16384mb min free memory 0mb
[2019.01.12-01.54.04:242][  0]LogCook: Display: Mobile HDR setting 1
[2019.01.12-01.54.04:242][  0]LogGameplayTags: Display: UGameplayTagsManager::DoneAddingNativeTags. DelegateIsBound: 0
[2019.01.12-01.54.04:242][  0]LogStats: UGameplayTagsManager::ConstructGameplayTagTree: ImportINI prefixes -  0.000 s
[2019.01.12-01.54.04:242][  0]LogStats: UGameplayTagsManager::ConstructGameplayTagTree: Construct from data asset -  0.000 s
[2019.01.12-01.54.04:242][  0]LogStats: UGameplayTagsManager::ConstructGameplayTagTree: ImportINI -  0.000 s
[2019.01.12-01.54.04:242][  0]LogStats: UGameplayTagsManager::ConstructGameplayTagTree: GameplayTagTreeChangedEvent.Broadcast -  0.000 s
[2019.01.12-01.54.04:358][  0]LogFileCache: Scanning file cache for directory 'H:/HalfMoitie/BearGame/Content/' took 0.03s
[2019.01.12-01.54.04:358][  0]SourceControl: Source control is disabled
[2019.01.12-01.54.04:358][  0]Cmd: MAP LOAD FILE="H:/HalfMoitie/BearGame/Content/Maps/L_GymTest.umap" TEMPLATE=0 SHOWPROGRESS=1 FEATURELEVEL=3
[2019.01.12-01.54.04:359][  0]LightingResults: New page: Lighting Build
[2019.01.12-01.54.04:361][  0]MapCheck: New page: Map Check
[2019.01.12-01.54.04:361][  0]LightingResults: New page: Lighting Build
[2019.01.12-01.54.04:561][  0]LogAIModule: Creating AISystem for world L_GymTest
[2019.01.12-01.54.04:685][  0]LogStreaming: Display: ULevelStreaming::RequestLevel(/Game/Maps/L_PostProcess) is flushing async loading
[2019.01.12-01.54.04:685][  0]LogStreaming: Display: Flushing async loaders.
[2019.01.12-01.54.04:689][  0]LogEditorServer: Finished looking for orphan Actors (0.000 secs)
[2019.01.12-01.54.04:710][  0]Cmd: MAP CHECKDEP NOCLEARLOG
[2019.01.12-01.54.04:799][  0]MapCheck: Map check complete: 0 Error(s), 0 Warning(s), took 88,697ms to complete.
[2019.01.12-01.54.04:799][  0]LogFileHelpers: Loading map 'L_GymTest' took 0.440
[2019.01.12-01.54.04:918][  0]LogSlate: Updating window title bar state: overlay mode, drag disabled, window buttons hidden, title bar hidden
[2019.01.12-01.54.04:924][  0]LogSlate: Updating window title bar state: overlay mode, drag disabled, window buttons hidden, title bar hidden
[2019.01.12-01.54.04:930][  0]LogSlate: Updating window title bar state: overlay mode, drag disabled, window buttons hidden, title bar hidden
[2019.01.12-01.54.04:938][  0]LogSlate: Updating window title bar state: overlay mode, drag disabled, window buttons hidden, title bar hidden
[2019.01.12-01.54.04:945][  0]LogCollectionManager: Loaded 0 collections in 0.003098 seconds
[2019.01.12-01.54.04:991][  0]LogFileCache: Scanning file cache for directory 'H:/HalfMoitie/BearGame/Saved/Collections/' took 0.01s
[2019.01.12-01.54.04:991][  0]LogFileCache: Scanning file cache for directory 'H:/HalfMoitie/BearGame/Content/Developers/gfleury/Collections/' took 0.01s
[2019.01.12-01.54.04:991][  0]LogFileCache: Scanning file cache for directory 'H:/HalfMoitie/BearGame/Content/Collections/' took 0.01s
[2019.01.12-01.54.04:991][  0]LogCollectionManager: Rebuilt the GUID cache for 0 collections in 0.000000 seconds
[2019.01.12-01.54.04:999][  0]LogContentBrowser: Native class hierarchy populated in 0.0081 seconds. Added 2572 classes and 603 folders.
[2019.01.12-01.54.05:005][  0]LogContentBrowser: Native class hierarchy updated for 'WidgetCarousel' in 0.0002 seconds. Added 0 classes and 0 folders.
[2019.01.12-01.54.05:052][  0]LogContentBrowser: Native class hierarchy updated for 'AddContentDialog' in 0.0003 seconds. Added 0 classes and 0 folders.
[2019.01.12-01.54.05:056][  0]LogContentBrowser: Native class hierarchy updated for 'SceneOutliner' in 0.0003 seconds. Added 1 classes and 2 folders.
[2019.01.12-01.54.05:066][  0]LogContentBrowser: Native class hierarchy updated for 'WorldBrowser' in 0.0003 seconds. Added 2 classes and 3 folders.
[2019.01.12-01.54.05:080][  0]LogSlate: Took 0.000851 seconds to synchronously load lazily loaded font '../../../Engine/Content/Slate/Fonts/Roboto-Regular.ttf' (155K)
[2019.01.12-01.54.05:082][  0]LogSlate: Took 0.000745 seconds to synchronously load lazily loaded font '../../../Engine/Content/Slate/Fonts/Roboto-Bold.ttf' (160K)
[2019.01.12-01.54.05:088][  0]LogSlate: Took 0.000724 seconds to synchronously load lazily loaded font '../../../Engine/Content/Editor/Slate/Fonts/FontAwesome.ttf' (139K)
[2019.01.12-01.54.05:160][  0]LogRenderer: Reallocating scene render targets to support 1208x576 Format 10 NumSamples 1 (Frame:1).
[2019.01.12-01.54.05:328][  0]LogContentBrowser: Native class hierarchy updated for 'HierarchicalLODOutliner' in 0.0003 seconds. Added 0 classes and 0 folders.
[2019.01.12-01.54.05:328][  0]LogLoad: (Engine Initialization) Total time: 8.40 seconds
[2019.01.12-01.54.05:329][  0]LogLoad: (Engine Initialization) Total Blueprint compile time: 0.00 seconds
[2019.01.12-01.54.05:339][  0]LogWindowsTextInputMethodSystem: Display: IME system now deactivated.
[2019.01.12-01.54.05:358][  0]LogAssetRegistry: Asset discovery search completed in 4.3426 seconds
[2019.01.12-01.54.05:360][  0]LogCollectionManager: Rebuilt the object cache for 0 collections in 0.000000 seconds (found 0 objects)
[2019.01.12-01.54.05:360][  0]LogCollectionManager: Fixed up redirectors for 0 collections in 0.000035 seconds (updated 0 objects)
[2019.01.12-01.54.05:360][  0]LogDirectoryWatcher: A directory notification failed for 'H:/HalfMoitie/BearGame/Content/' because it was empty or there was a buffer overflow. Attemping another request...
[2019.01.12-01.54.05:361][  0]LogDirectoryWatcher: A directory notification failed for 'H:/HalfMoitie/BearGame/Content/', and we were unable to create a new request.
[2019.01.12-01.54.05:361][  0]LogDirectoryWatcher: A directory notification failed for 'H:/HalfMoitie/BearGame/Saved/Collections/' because it was empty or there was a buffer overflow. Attemping another request...
[2019.01.12-01.54.05:361][  0]LogDirectoryWatcher: A directory notification failed for 'H:/HalfMoitie/BearGame/Content/Developers/gfleury/Collections/' because it was empty or there was a buffer overflow. Attemping another request...
[2019.01.12-01.54.05:361][  0]LogDirectoryWatcher: A directory notification failed for 'H:/HalfMoitie/BearGame/Content/Collections/' because it was empty or there was a buffer overflow. Attemping another request...
[2019.01.12-01.54.05:362][  0]LogContentStreaming: Texture pool size now 1000 MB
[2019.01.12-01.54.05:391][  0]LogSlate: Took 0.000824 seconds to synchronously load lazily loaded font '../../../Engine/Content/Slate/Fonts/Roboto-Light.ttf' (167K)
[2019.01.12-01.54.05:409][  1]LogDirectoryWatcher: A directory notification failed for 'H:/HalfMoitie/BearGame/Saved/Collections/' because it was empty or there was a buffer overflow. Attemping another request...
[2019.01.12-01.54.05:410][  1]LogDirectoryWatcher: A directory notification failed for 'H:/HalfMoitie/BearGame/Saved/Collections/', and we were unable to create a new request.
[2019.01.12-01.54.05:410][  1]LogDirectoryWatcher: A directory notification failed for 'H:/HalfMoitie/BearGame/Content/Developers/gfleury/Collections/' because it was empty or there was a buffer overflow. Attemping another request...
[2019.01.12-01.54.05:410][  1]LogDirectoryWatcher: A directory notification failed for 'H:/HalfMoitie/BearGame/Content/Developers/gfleury/Collections/', and we were unable to create a new request.
[2019.01.12-01.54.05:410][  1]LogDirectoryWatcher: A directory notification failed for 'H:/HalfMoitie/BearGame/Content/Collections/' because it was empty or there was a buffer overflow. Attemping another request...
[2019.01.12-01.54.05:411][  1]LogDirectoryWatcher: A directory notification failed for 'H:/HalfMoitie/BearGame/Content/Collections/', and we were unable to create a new request.
[2019.01.12-01.54.08:139][320]LogSlate: FSceneViewport::OnFocusLost() reason 0
[2019.01.12-01.54.13:157][920]LogAIModule: Creating AISystem for world L_World_1
[2019.01.12-01.54.14:395][920]LogSlate: Window 'Delete Assets' being destroyed
[2019.01.12-01.54.14:405][920]LogSlate: Took 0.000155 seconds to synchronously load lazily loaded font '../../../Engine/Content/Slate/Fonts/Roboto-Light.ttf' (167K)
[2019.01.12-01.54.15:805][ 41]LogAIModule: Creating AISystem for world L_ArtTest
[2019.01.12-01.54.17:007][ 41]LogSlate: Window 'Delete Assets' being destroyed
[2019.01.12-01.54.23:681][821]LogAIModule: Creating AISystem for world L_World_1
[2019.01.12-01.54.24:796][953]LogAssetEditorManager: Opening Asset editor for World /Game/Maps/L_World_1.L_World_1
[2019.01.12-01.54.25:977][953]LogSlate: Window 'Save Content' being destroyed
[2019.01.12-01.54.26:066][953]Cmd: OBJ SAVEPACKAGE PACKAGE="/Game/Maps/L_World_1" FILE="H:/HalfMoitie/BearGame/Content/Maps/L_World_1.umap" SILENT=true AUTOSAVING=false KEEPDIRTY=false
[2019.01.12-01.54.26:181][953]LogSavePackage: Moving 'H:/HalfMoitie/BearGame/Saved/L_World_18CC53BDC4B0CADE3D3DCF8AF5E8E4A40.tmp' to 'H:/HalfMoitie/BearGame/Content/Maps/L_World_1.umap'
[2019.01.12-01.54.26:199][953]LogFileHelpers: Saving map 'L_World_1' took 0.214
[2019.01.12-01.54.26:203][953]Cmd: MAP LOAD FILE="H:/HalfMoitie/BearGame/Content/Maps/L_World_1.umap" TEMPLATE=0 SHOWPROGRESS=1 FEATURELEVEL=3
[2019.01.12-01.54.26:203][953]LightingResults: New page: Lighting Build
[2019.01.12-01.54.26:204][953]LoadErrors: New page: Loading map: L_World_1.umap
[2019.01.12-01.54.26:205][953]MapCheck: New page: Map Check
[2019.01.12-01.54.26:205][953]LightingResults: New page: Lighting Build
[2019.01.12-01.54.26:226][953]LogStreaming: Display: ULevelStreaming::RequestLevel(/Game/Maps/L_PostProcess) is flushing async loading
[2019.01.12-01.54.26:226][953]LogStreaming: Display: Flushing async loaders.
[2019.01.12-01.54.26:230][953]LogEditorServer: Finished looking for orphan Actors (0.000 secs)
[2019.01.12-01.54.26:267][953]Cmd: MAP CHECKDEP NOCLEARLOG
[2019.01.12-01.54.26:339][953]MapCheck: Map check complete: 0 Error(s), 0 Warning(s), took 71,723ms to complete.
[2019.01.12-01.54.26:340][953]LogFileHelpers: Loading map 'L_World_1' took 0.139
[2019.01.12-01.54.30:916][475]LogEditorViewport: Clicking on Actor (LMB): StaticMeshActor (Cube4)
[2019.01.12-01.54.31:925][569]LogSlate: FSceneViewport::OnFocusLost() reason 0
[2019.01.12-01.54.35:477][962]LogEditorViewport: Clicking on Actor (LMB): StaticMeshActor (Cube2)
[2019.01.12-01.54.43:244][877]LogEditorViewport: Clicking on Actor (LMB): StaticMeshActor (Cube4)
[2019.01.12-01.54.43:868][926]LogSlate: FSceneViewport::OnFocusLost() reason 0
[2019.01.12-01.54.44:870][ 34]Cmd: SELECT NONE
[2019.01.12-01.54.47:958][373]LogSlate: FSceneViewport::OnFocusLost() reason 0
[2019.01.12-01.54.52:976][937]Cmd: OBJ SAVEPACKAGE PACKAGE="/Game/Maps/L_World_1" FILE="H:/HalfMoitie/BearGame/Content/Maps/L_World_1.umap" SILENT=true AUTOSAVING=false KEEPDIRTY=false
[2019.01.12-01.54.53:099][937]LogSavePackage: Moving 'H:/HalfMoitie/BearGame/Saved/L_World_1D866A13A4299F6614A73918ACE03650B.tmp' to 'H:/HalfMoitie/BearGame/Content/Maps/L_World_1.umap'
[2019.01.12-01.54.53:138][937]LogFileHelpers: Saving map 'L_World_1' took 0.236
[2019.01.12-01.54.54:875][116]LogAIModule: Creating AISystem for world L_GymTest
[2019.01.12-01.55.02:035][967]LogAIModule: Creating AISystem for world L_ArtTest
[2019.01.12-01.55.05:844][417]LogAssetEditorManager: Opening Asset editor for World /Game/Maps/L_ArtTest.L_ArtTest
[2019.01.12-01.55.06:801][417]LogSlate: Window 'Save Content' being destroyed
[2019.01.12-01.55.06:890][417]Cmd: OBJ SAVEPACKAGE PACKAGE="/Game/Maps/L_ArtTest" FILE="H:/HalfMoitie/BearGame/Content/Maps/L_ArtTest.umap" SILENT=true AUTOSAVING=false KEEPDIRTY=false
[2019.01.12-01.55.07:010][417]LogSavePackage: Moving 'H:/HalfMoitie/BearGame/Saved/L_ArtTest11E0735843075111FD3FC897132E080D.tmp' to 'H:/HalfMoitie/BearGame/Content/Maps/L_ArtTest.umap'
[2019.01.12-01.55.07:030][417]LogFileHelpers: Saving map 'L_ArtTest' took 0.222
[2019.01.12-01.55.07:033][417]Cmd: MAP LOAD FILE="H:/HalfMoitie/BearGame/Content/Maps/L_ArtTest.umap" TEMPLATE=0 SHOWPROGRESS=1 FEATURELEVEL=3
[2019.01.12-01.55.07:033][417]LightingResults: New page: Lighting Build
[2019.01.12-01.55.07:034][417]LoadErrors: New page: Loading map: L_ArtTest.umap
[2019.01.12-01.55.07:035][417]MapCheck: New page: Map Check
[2019.01.12-01.55.07:035][417]LightingResults: New page: Lighting Build
[2019.01.12-01.55.07:093][417]LogStreaming: Display: ULevelStreaming::RequestLevel(/Game/Maps/L_PostProcess) is flushing async loading
[2019.01.12-01.55.07:093][417]LogStreaming: Display: Flushing async loaders.
[2019.01.12-01.55.07:097][417]LogEditorServer: Finished looking for orphan Actors (0.000 secs)
[2019.01.12-01.55.07:134][417]Cmd: MAP CHECKDEP NOCLEARLOG
[2019.01.12-01.55.07:209][417]MapCheck: Map check complete: 0 Error(s), 0 Warning(s), took 74,118ms to complete.
[2019.01.12-01.55.07:210][417]LogFileHelpers: Loading map 'L_ArtTest' took 0.178
[2019.01.12-01.55.09:792][708]LogEditorViewport: Clicking on Actor (LMB): StaticMeshActor (Cube4)
[2019.01.12-01.55.10:638][796]Cmd: DELETE
[2019.01.12-01.55.10:638][796]Cmd: ACTOR DELETE
[2019.01.12-01.55.10:640][796]LogEditorActor: Deleted Actor: StaticMeshActor
[2019.01.12-01.55.10:662][796]LogEditorActor: Deleted 1 Actors (0.023 secs)
[2019.01.12-01.55.13:504][136]LogSlate: FSceneViewport::OnFocusLost() reason 0
[2019.01.12-01.55.13:635][151]LogActorFactory: Actor Factory created Cone
[2019.01.12-01.55.14:457][249]LogActorFactory: Actor Factory created Cone
[2019.01.12-01.55.16:879][534]LogSlate: FSceneViewport::OnFocusLost() reason 0
[2019.01.12-01.55.16:980][545]LogActorFactory: Actor Factory created Cone
[2019.01.12-01.55.17:523][608]LogActorFactory: Actor Factory created Cone
[2019.01.12-01.55.18:313][698]LogSlate: FSceneViewport::OnFocusLost() reason 0
[2019.01.12-01.55.18:424][710]LogActorFactory: Actor Factory created Cone
[2019.01.12-01.55.18:647][735]LogActorFactory: Actor Factory created Cone
[2019.01.12-01.55.19:921][883]LogEditorViewport: Clicking on Actor (LMB): StaticMeshActor (Cube2)
[2019.01.12-01.55.20:248][916]Cmd: DELETE
[2019.01.12-01.55.20:248][916]Cmd: ACTOR DELETE
[2019.01.12-01.55.20:250][916]LogEditorActor: Deleted Actor: StaticMeshActor
[2019.01.12-01.55.20:267][916]LogEditorActor: Deleted 1 Actors (0.019 secs)
[2019.01.12-01.55.20:533][948]LogSlate: FSceneViewport::OnFocusLost() reason 0
[2019.01.12-01.55.20:650][961]LogActorFactory: Actor Factory created Cone
[2019.01.12-01.55.21:240][ 31]LogActorFactory: Actor Factory created Cone
[2019.01.12-01.55.22:096][129]LogEditorViewport: Clicking on Actor (CTRL LMB): StaticMeshActor (Cone3)
[2019.01.12-01.55.22:707][196]LogEditorViewport: Clicking on Actor (CTRL LMB): StaticMeshActor (Cone)
[2019.01.12-01.55.23:664][305]LogEditorViewport: Clicking on Actor (CTRL LMB): StaticMeshActor (Cone2)
[2019.01.12-01.55.27:202][710]LogSlate: FSceneViewport::OnFocusLost() reason 2
[2019.01.12-01.55.29:005][919]LogEditorViewport: Clicking on Actor (context menu): StaticMeshActor (Cube)
[2019.01.12-01.55.29:050][919]LogSlate: FSceneViewport::OnFocusLost() reason 2
[2019.01.12-01.55.29:855][  7]LogEditorViewport: Clicking on Component (context menu): StaticMeshComponent (StaticMeshComponent0)
[2019.01.12-01.55.29:905][  7]LogSlate: FSceneViewport::OnFocusLost() reason 2
[2019.01.12-01.55.31:116][146]Cmd: SELECT NONE
[2019.01.12-01.55.38:329][990]LogSlate: FSceneViewport::OnFocusLost() reason 0
[2019.01.12-01.55.38:598][ 17]LogAIModule: Creating AISystem for world L_GymTest
[2019.01.12-01.55.38:600][ 17]LogAssetEditorManager: Opening Asset editor for World /Game/Maps/L_GymTest.L_GymTest
[2019.01.12-01.55.39:537][ 17]LogSlate: Window 'Save Content' being destroyed
[2019.01.12-01.55.39:624][ 17]Cmd: OBJ SAVEPACKAGE PACKAGE="/Game/Maps/L_ArtTest" FILE="H:/HalfMoitie/BearGame/Content/Maps/L_ArtTest.umap" SILENT=true AUTOSAVING=false KEEPDIRTY=false
[2019.01.12-01.55.39:756][ 17]LogSavePackage: Moving 'H:/HalfMoitie/BearGame/Saved/L_ArtTest263D196A45BB897E687AD88D6A8B4D1B.tmp' to 'H:/HalfMoitie/BearGame/Content/Maps/L_ArtTest.umap'
[2019.01.12-01.55.39:794][ 17]LogFileHelpers: Saving map 'L_ArtTest' took 0.249
[2019.01.12-01.55.39:795][ 17]Cmd: MAP LOAD FILE="H:/HalfMoitie/BearGame/Content/Maps/L_GymTest.umap" TEMPLATE=0 SHOWPROGRESS=1 FEATURELEVEL=3
[2019.01.12-01.55.39:795][ 17]LightingResults: New page: Lighting Build
[2019.01.12-01.55.39:796][ 17]LoadErrors: New page: Loading map: L_GymTest.umap
[2019.01.12-01.55.39:797][ 17]MapCheck: New page: Map Check
[2019.01.12-01.55.39:797][ 17]LightingResults: New page: Lighting Build
[2019.01.12-01.55.39:818][ 17]LogStreaming: Display: ULevelStreaming::RequestLevel(/Game/Maps/L_PostProcess) is flushing async loading
[2019.01.12-01.55.39:818][ 17]LogStreaming: Display: Flushing async loaders.
[2019.01.12-01.55.39:821][ 17]LogEditorServer: Finished looking for orphan Actors (0.000 secs)
[2019.01.12-01.55.39:858][ 17]Cmd: MAP CHECKDEP NOCLEARLOG
[2019.01.12-01.55.39:929][ 17]MapCheck: Map check complete: 0 Error(s), 0 Warning(s), took 70,682ms to complete.
[2019.01.12-01.55.39:929][ 17]LogFileHelpers: Loading map 'L_GymTest' took 0.136
[2019.01.12-01.55.40:530][ 84]LogSlate: FSceneViewport::OnFocusLost() reason 0
[2019.01.12-01.55.48:729][ 51]LogSlate: Window 'BearGame - Unreal Editor' being destroyed
[2019.01.12-01.55.48:729][ 51]LogWindowsTextInputMethodSystem: Display: IME system now deactivated.
[2019.01.12-01.55.48:893][ 52]Cmd: QUIT_EDITOR
[2019.01.12-01.55.48:917][ 52]LogExit: Preparing to exit.
[2019.01.12-01.55.49:180][ 52]LogExit: Editor shut down
[2019.01.12-01.55.49:180][ 52]LogExit: Transaction tracking system shut down
[2019.01.12-01.55.50:049][ 52]LogExit: Object subsystem successfully closed.
[2019.01.12-01.55.50:059][ 52]LogShaderCompilers: Display: Shaders left to compile 0
[2019.01.12-01.55.50:062][ 52]LogD3D11RHI: Shutdown
[2019.01.12-01.55.50:062][ 52]LogD3D11RHI: CleanupD3DDevice
[2019.01.12-01.55.50:063][ 52]LogD3D11RHI: ~FD3D11DynamicRHI
[2019.01.12-01.55.50:082][ 52]LogModuleManager: Shutting down and abandoning module HierarchicalLODUtilities (614)
[2019.01.12-01.55.50:082][ 52]LogModuleManager: Shutting down and abandoning module HierarchicalLODOutliner (612)
[2019.01.12-01.55.50:082][ 52]LogModuleManager: Shutting down and abandoning module WorldBrowser (610)
[2019.01.12-01.55.50:082][ 52]LogModuleManager: Shutting down and abandoning module SceneOutliner (608)
[2019.01.12-01.55.50:082][ 52]LogModuleManager: Shutting down and abandoning module AddContentDialog (606)
[2019.01.12-01.55.50:082][ 52]LogModuleManager: Shutting down and abandoning module WidgetCarousel (605)
[2019.01.12-01.55.50:082][ 52]LogModuleManager: Shutting down and abandoning module EditorWidgets (602)
[2019.01.12-01.55.50:082][ 52]LogModuleManager: Shutting down and abandoning module CollectionManager (600)
[2019.01.12-01.55.50:083][ 52]LogModuleManager: Shutting down and abandoning module StatsViewer (598)
[2019.01.12-01.55.50:083][ 52]LogModuleManager: Shutting down and abandoning module FoliageEdit (596)
[2019.01.12-01.55.50:083][ 52]LogModuleManager: Shutting down and abandoning module LandscapeEditor (594)
[2019.01.12-01.55.50:083][ 52]LogModuleManager: Shutting down and abandoning module MeshPaintMode (592)
[2019.01.12-01.55.50:083][ 52]LogModuleManager: Shutting down and abandoning module SceneDepthPickerMode (590)
[2019.01.12-01.55.50:083][ 52]LogModuleManager: Shutting down and abandoning module ActorPickerMode (588)
[2019.01.12-01.55.50:083][ 52]LogModuleManager: Shutting down and abandoning module GeometryMode (586)
[2019.01.12-01.55.50:083][ 52]LogModuleManager: Shutting down and abandoning module TextureAlignMode (584)
[2019.01.12-01.55.50:083][ 52]LogModuleManager: Shutting down and abandoning module BspMode (582)
[2019.01.12-01.55.50:083][ 52]LogModuleManager: Shutting down and abandoning module PIEPreviewDeviceProfileSelector (580)
[2019.01.12-01.55.50:083][ 52]LogModuleManager: Shutting down and abandoning module SequenceRecorderSections (578)
[2019.01.12-01.55.50:083][ 52]LogModuleManager: Shutting down and abandoning module AutomationWorker (576)
[2019.01.12-01.55.50:083][ 52]LogModuleManager: Shutting down and abandoning module AudioCaptureEditor (574)
[2019.01.12-01.55.50:083][ 52]LogModuleManager: Shutting down and abandoning module SequenceRecorder (573)
[2019.01.12-01.55.50:083][ 52]LogModuleManager: Shutting down and abandoning module MatineeToLevelSequence (570)
[2019.01.12-01.55.50:083][ 52]LogModuleManager: Shutting down and abandoning module LevelSequenceEditor (568)
[2019.01.12-01.55.50:083][ 52]LogModuleManager: Shutting down and abandoning module PlacementMode (567)
[2019.01.12-01.55.50:083][ 52]LogModuleManager: Shutting down and abandoning module MaterialEditor (566)
[2019.01.12-01.55.50:083][ 52]LogModuleManager: Shutting down and abandoning module WmfMediaFactory (562)
[2019.01.12-01.55.50:083][ 52]LogModuleManager: Shutting down and abandoning module WmfMediaEditor (560)
[2019.01.12-01.55.50:083][ 52]LogModuleManager: Shutting down and abandoning module MediaPlayerEditor (558)
[2019.01.12-01.55.50:083][ 52]LogModuleManager: Shutting down and abandoning module OpenExrWrapper (556)
[2019.01.12-01.55.50:083][ 52]LogModuleManager: Shutting down and abandoning module ImgMediaFactory (554)
[2019.01.12-01.55.50:083][ 52]LogModuleManager: Shutting down and abandoning module ImgMediaEditor (552)
[2019.01.12-01.55.50:083][ 52]LogModuleManager: Shutting down and abandoning module AvfMediaFactory (550)
[2019.01.12-01.55.50:083][ 52]LogModuleManager: Shutting down and abandoning module AvfMediaEditor (548)
[2019.01.12-01.55.50:083][ 52]LogModuleManager: Shutting down and abandoning module AndroidMediaFactory (546)
[2019.01.12-01.55.50:083][ 52]LogModuleManager: Shutting down and abandoning module AndroidMediaEditor (544)
[2019.01.12-01.55.50:083][ 52]LogModuleManager: Shutting down and abandoning module MagicLeapCameraPreviewFactory (542)
[2019.01.12-01.55.50:083][ 52]LogModuleManager: Shutting down and abandoning module MagicLeapMediaFactory (540)
[2019.01.12-01.55.50:083][ 52]LogModuleManager: Shutting down and abandoning module MagicLeapMediaEditor (538)
[2019.01.12-01.55.50:083][ 52]LogModuleManager: Shutting down and abandoning module CharacterAI (536)
[2019.01.12-01.55.50:083][ 52]LogModuleManager: Shutting down and abandoning module SmartSnapping (534)
[2019.01.12-01.55.50:083][ 52]LogModuleManager: Shutting down and abandoning module SessionServices (532)
[2019.01.12-01.55.50:083][ 52]LogModuleManager: Shutting down and abandoning module ViewportSnapping (530)
[2019.01.12-01.55.50:083][ 52]LogModuleManager: Shutting down and abandoning module ViewportInteraction (528)
[2019.01.12-01.55.50:083][ 52]LogModuleManager: Shutting down and abandoning module ClothPainter (526)
[2019.01.12-01.55.50:083][ 52]LogModuleManager: Shutting down and abandoning module SkeletalMeshEditor (525)
[2019.01.12-01.55.50:083][ 52]LogModuleManager: Shutting down and abandoning module LogVisualizer (522)
[2019.01.12-01.55.50:083][ 52]LogModuleManager: Shutting down and abandoning module IntroTutorials (520)
[2019.01.12-01.55.50:083][ 52]LogModuleManager: Shutting down and abandoning module GameProjectGeneration (519)
[2019.01.12-01.55.50:083][ 52]LogModuleManager: Shutting down and abandoning module LuminPlatformEditor (516)
[2019.01.12-01.55.50:083][ 52]LogModuleManager: Shutting down and abandoning module IOSPlatformEditor (514)
[2019.01.12-01.55.50:083][ 52]LogModuleManager: Shutting down and abandoning module HTML5PlatformEditor (512)
[2019.01.12-01.55.50:083][ 52]LogModuleManager: Shutting down and abandoning module AndroidPlatformEditor (510)
[2019.01.12-01.55.50:083][ 52]LogModuleManager: Shutting down and abandoning module AndroidDeviceDetection (509)
[2019.01.12-01.55.51:084][ 52]LogModuleManager: Shutting down and abandoning module WindowsPlatformEditor (506)
[2019.01.12-01.55.51:084][ 52]LogModuleManager: Shutting down and abandoning module LuminRuntimeSettings (504)
[2019.01.12-01.55.51:084][ 52]LogModuleManager: Shutting down and abandoning module IOSRuntimeSettings (502)
[2019.01.12-01.55.51:084][ 52]LogModuleManager: Shutting down and abandoning module AndroidRuntimeSettings (500)
[2019.01.12-01.55.51:084][ 52]LogModuleManager: Shutting down and abandoning module InputBindingEditor (498)
[2019.01.12-01.55.51:084][ 52]LogModuleManager: Shutting down and abandoning module MergeActors (496)
[2019.01.12-01.55.51:084][ 52]LogModuleManager: Shutting down and abandoning module LocalizationDashboard (494)
[2019.01.12-01.55.51:084][ 52]LogModuleManager: Shutting down and abandoning module LocalizationService (493)
[2019.01.12-01.55.51:085][ 52]LogModuleManager: Shutting down and abandoning module HardwareTargeting (490)
[2019.01.12-01.55.51:085][ 52]LogModuleManager: Shutting down and abandoning module DeviceProfileEditor (488)
[2019.01.12-01.55.51:085][ 52]LogModuleManager: Shutting down and abandoning module UndoHistory (486)
[2019.01.12-01.55.51:085][ 52]LogModuleManager: Shutting down and abandoning module XmlParser (484)
[2019.01.12-01.55.51:085][ 52]LogModuleManager: Shutting down and abandoning module Blutility (482)
[2019.01.12-01.55.51:085][ 52]LogModuleManager: Shutting down and abandoning module ProjectSettingsViewer (480)
[2019.01.12-01.55.51:085][ 52]LogModuleManager: Shutting down and abandoning module ProjectTargetPlatformEditor (479)
[2019.01.12-01.55.51:085][ 52]LogModuleManager: Shutting down and abandoning module EditorSettingsViewer (476)
[2019.01.12-01.55.51:085][ 52]LogModuleManager: Shutting down and abandoning module SettingsEditor (474)
[2019.01.12-01.55.51:085][ 52]LogModuleManager: Shutting down and abandoning module ProjectLauncher (472)
[2019.01.12-01.55.51:085][ 52]LogModuleManager: Shutting down and abandoning module SessionFrontend (470)
[2019.01.12-01.55.51:085][ 52]LogModuleManager: Shutting down and abandoning module ProfilerClient (468)
[2019.01.12-01.55.51:085][ 52]LogModuleManager: Shutting down and abandoning module DeviceManager (466)
[2019.01.12-01.55.51:085][ 52]LogModuleManager: Shutting down and abandoning module TargetDeviceServices (465)
[2019.01.12-01.55.51:150][ 52]LogModuleManager: Shutting down and abandoning module AutomationController (462)
[2019.01.12-01.55.51:150][ 52]LogModuleManager: Shutting down and abandoning module AutomationWindow (460)
[2019.01.12-01.55.51:150][ 52]LogModuleManager: Shutting down and abandoning module Layers (458)
[2019.01.12-01.55.51:150][ 52]LogModuleManager: Shutting down and abandoning module ComponentVisualizers (456)
[2019.01.12-01.55.51:150][ 52]LogModuleManager: Shutting down and abandoning module DetailCustomizations (454)
[2019.01.12-01.55.51:150][ 52]LogModuleManager: Shutting down and abandoning module PackagesDialog (452)
[2019.01.12-01.55.51:150][ 52]LogModuleManager: Shutting down and abandoning module Persona (450)
[2019.01.12-01.55.51:150][ 52]LogModuleManager: Shutting down and abandoning module AdvancedPreviewScene (449)
[2019.01.12-01.55.51:150][ 52]LogModuleManager: Shutting down and abandoning module AnimGraph (447)
[2019.01.12-01.55.51:150][ 52]LogModuleManager: Shutting down and abandoning module Kismet (444)
[2019.01.12-01.55.51:150][ 52]LogModuleManager: Shutting down and abandoning module GraphEditor (442)
[2019.01.12-01.55.51:150][ 52]LogModuleManager: Shutting down and abandoning module ClassViewer (440)
[2019.01.12-01.55.51:150][ 52]LogModuleManager: Shutting down and abandoning module Toolbox (438)
[2019.01.12-01.55.51:150][ 52]LogModuleManager: Shutting down and abandoning module ModuleUI (436)
[2019.01.12-01.55.51:150][ 52]LogModuleManager: Shutting down and abandoning module MovieSceneTools (434)
[2019.01.12-01.55.51:150][ 52]LogModuleManager: Shutting down and abandoning module OutputLog (432)
[2019.01.12-01.55.51:150][ 52]LogModuleManager: Shutting down and abandoning module GammaUI (430)
[2019.01.12-01.55.51:150][ 52]LogModuleManager: Shutting down and abandoning module Documentation (428)
[2019.01.12-01.55.51:150][ 52]LogModuleManager: Shutting down and abandoning module MovieSceneTracks (426)
[2019.01.12-01.55.51:150][ 52]LogModuleManager: Shutting down and abandoning module MovieScene (424)
[2019.01.12-01.55.51:150][ 52]LogModuleManager: Shutting down and abandoning module StreamingPauseRendering (422)
[2019.01.12-01.55.51:151][ 52]LogModuleManager: Shutting down and abandoning module LauncherPlatform (420)
[2019.01.12-01.55.51:151][ 52]LogModuleManager: Shutting down and abandoning module AnalyticsET (418)
[2019.01.12-01.55.51:151][ 52]LogModuleManager: Shutting down and abandoning module PortalServices (416)
[2019.01.12-01.55.51:151][ 52]LogModuleManager: Shutting down and abandoning module PortalRpc (414)
[2019.01.12-01.55.51:151][ 52]LogModuleManager: Shutting down and abandoning module MessagingRpc (412)
[2019.01.12-01.55.51:151][ 52]LogModuleManager: Shutting down and abandoning module AIModule (410)
[2019.01.12-01.55.51:151][ 52]LogModuleManager: Shutting down and abandoning module GameplayDebugger (409)
[2019.01.12-01.55.51:151][ 52]LogModuleManager: Shutting down and abandoning module AITestSuite (407)
[2019.01.12-01.55.51:151][ 52]LogModuleManager: Shutting down and abandoning module NavigationSystem (405)
[2019.01.12-01.55.51:151][ 52]LogModuleManager: Shutting down and abandoning module DesktopPlatform (402)
[2019.01.12-01.55.51:151][ 52]LogModuleManager: Shutting down and abandoning module ProfilerService (400)
[2019.01.12-01.55.51:303][ 52]LogModuleManager: Shutting down and abandoning module TaskGraph (398)
[2019.01.12-01.55.51:303][ 52]LogModuleManager: Shutting down and abandoning module SteamVRController (396)
[2019.01.12-01.55.51:303][ 52]LogModuleManager: Shutting down and abandoning module ProceduralMeshComponentEditor (394)
[2019.01.12-01.55.51:303][ 52]LogModuleManager: Shutting down and abandoning module ProceduralMeshComponent (392)
[2019.01.12-01.55.51:303][ 52]LogModuleManager: Shutting down and abandoning module OculusInput (390)
[2019.01.12-01.55.51:303][ 52]LogModuleManager: Shutting down and abandoning module MobilePatchingUtils (388)
[2019.01.12-01.55.51:303][ 52]LogModuleManager: Shutting down and abandoning module EditableMesh (386)
[2019.01.12-01.55.51:303][ 52]LogModuleManager: Shutting down and abandoning module CustomMeshComponent (384)
[2019.01.12-01.55.51:303][ 52]LogModuleManager: Shutting down and abandoning module CableComponent (382)
[2019.01.12-01.55.51:303][ 52]LogModuleManager: Shutting down and abandoning module AudioCapture (380)
[2019.01.12-01.55.51:303][ 52]LogModuleManager: Shutting down and abandoning module ArchVisCharacter (378)
[2019.01.12-01.55.51:303][ 52]LogModuleManager: Shutting down and abandoning module AndroidPermission (376)
[2019.01.12-01.55.51:303][ 52]LogModuleManager: Shutting down and abandoning module NUTUnrealEngine4 (374)
[2019.01.12-01.55.51:303][ 52]LogModuleManager: Shutting down and abandoning module NetcodeUnitTest (372)
[2019.01.12-01.55.51:303][ 52]LogModuleManager: Shutting down and abandoning module MediaCompositingEditor (370)
[2019.01.12-01.55.51:303][ 52]LogModuleManager: Shutting down and abandoning module MediaCompositing (368)
[2019.01.12-01.55.51:303][ 52]LogModuleManager: Shutting down and abandoning module LinearTimecode (366)
[2019.01.12-01.55.51:303][ 52]LogModuleManager: Shutting down and abandoning module ImgMedia (364)
[2019.01.12-01.55.51:306][ 52]LogModuleManager: Shutting down and abandoning module HTML5Networking (362)
[2019.01.12-01.55.51:306][ 52]LogModuleManager: Shutting down and abandoning module GeometryCacheTracks (360)
[2019.01.12-01.55.51:306][ 52]LogModuleManager: Shutting down and abandoning module GeometryCacheSequencer (358)
[2019.01.12-01.55.51:306][ 52]LogModuleManager: Shutting down and abandoning module BackChannel (356)
[2019.01.12-01.55.51:306][ 52]LogModuleManager: Shutting down and abandoning module AppleVision (354)
[2019.01.12-01.55.51:306][ 52]LogModuleManager: Shutting down and abandoning module AppleImageUtils (352)
[2019.01.12-01.55.51:306][ 52]LogModuleManager: Shutting down and abandoning module AlembicImporter (350)
[2019.01.12-01.55.51:306][ 52]LogModuleManager: Shutting down and abandoning module AlembicLibrary (349)
[2019.01.12-01.55.51:306][ 52]LogModuleManager: Shutting down and abandoning module GeometryCache (348)
[2019.01.12-01.55.51:306][ 52]LogModuleManager: Shutting down and abandoning module GeometryCacheEd (347)
[2019.01.12-01.55.51:306][ 52]LogModuleManager: Shutting down and abandoning module DatasmithContentEditor (342)
[2019.01.12-01.55.51:306][ 52]LogModuleManager: Shutting down and abandoning module DatasmithContent (340)
[2019.01.12-01.55.51:311][ 52]LogModuleManager: Shutting down and abandoning module SpeedTreeImporter (338)
[2019.01.12-01.55.51:311][ 52]LogModuleManager: Shutting down and abandoning module PluginBrowser (336)
[2019.01.12-01.55.51:311][ 52]LogModuleManager: Shutting down and abandoning module MobileLauncherProfileWizard (334)
[2019.01.12-01.55.51:311][ 52]LogModuleManager: Shutting down and abandoning module PolygonModeling (332)
[2019.01.12-01.55.51:311][ 52]LogModuleManager: Shutting down and abandoning module MeshEditor (330)
[2019.01.12-01.55.51:311][ 52]LogModuleManager: Shutting down and abandoning module CryptoKeysOpenSSL (328)
[2019.01.12-01.55.51:311][ 52]LogModuleManager: Shutting down and abandoning module CryptoKeys (326)
[2019.01.12-01.55.51:311][ 52]LogModuleManager: Shutting down and abandoning module VisualStudioSourceCodeAccess (324)
[2019.01.12-01.55.51:311][ 52]LogModuleManager: Shutting down and abandoning module VisualStudioCodeSourceCodeAccess (322)
[2019.01.12-01.55.51:311][ 52]LogModuleManager: Shutting down and abandoning module UObjectPlugin (320)
[2019.01.12-01.55.51:311][ 52]LogModuleManager: Shutting down and abandoning module SubversionSourceControl (318)
[2019.01.12-01.55.51:311][ 52]LogModuleManager: Shutting down and abandoning module PerforceSourceControl (316)
[2019.01.12-01.55.51:311][ 52]LogModuleManager: Shutting down and abandoning module GitSourceControl (314)
[2019.01.12-01.55.51:311][ 52]LogModuleManager: Shutting down and abandoning module SourceControl (313)
[2019.01.12-01.55.51:312][ 52]LogModuleManager: Shutting down and abandoning module CLionSourceCodeAccess (310)
[2019.01.12-01.55.51:312][ 52]LogModuleManager: Shutting down and abandoning module LightPropagationVolumeEditor (308)
[2019.01.12-01.55.51:312][ 52]LogModuleManager: Shutting down and abandoning module PaperTiledImporter (306)
[2019.01.12-01.55.51:312][ 52]LogModuleManager: Shutting down and abandoning module PaperSpriteSheetImporter (304)
[2019.01.12-01.55.51:312][ 52]LogModuleManager: Shutting down and abandoning module Paper2DEditor (302)
[2019.01.12-01.55.51:312][ 52]LogModuleManager: Shutting down and abandoning module MeshPaint (301)
[2019.01.12-01.55.51:312][ 52]LogModuleManager: Shutting down and abandoning module RuntimePhysXCooking (298)
[2019.01.12-01.55.51:312][ 52]LogModuleManager: Shutting down and abandoning module PhysXVehiclesEditor (296)
[2019.01.12-01.55.51:312][ 52]LogModuleManager: Shutting down and abandoning module PhysXVehicles (294)
[2019.01.12-01.55.51:312][ 52]LogModuleManager: Shutting down and abandoning module OculusEditor (292)
[2019.01.12-01.55.51:312][ 52]LogModuleManager: Shutting down and abandoning module LocationServicesBPLibrary (290)
[2019.01.12-01.55.51:312][ 52]LogModuleManager: Shutting down and abandoning module ImmediatePhysicsEditor (288)
[2019.01.12-01.55.51:312][ 52]LogModuleManager: Shutting down and abandoning module ImmediatePhysics (286)
[2019.01.12-01.55.51:312][ 52]LogModuleManager: Shutting down and abandoning module ActorSequence (284)
[2019.01.12-01.55.51:312][ 52]LogModuleManager: Shutting down and abandoning module UdpMessaging (282)
[2019.01.12-01.55.51:413][ 52]LogModuleManager: Shutting down and abandoning module TcpMessaging (280)
[2019.01.12-01.55.51:514][ 52]LogModuleManager: Shutting down and abandoning module MagicLeapAudio (278)
[2019.01.12-01.55.51:514][ 52]LogModuleManager: Shutting down and abandoning module GameplayTagsEditor (276)
[2019.01.12-01.55.51:514][ 52]LogModuleManager: Shutting down and abandoning module FacialAnimationEditor (274)
[2019.01.12-01.55.51:514][ 52]LogModuleManager: Shutting down and abandoning module FacialAnimation (272)
[2019.01.12-01.55.51:514][ 52]LogModuleManager: Shutting down and abandoning module DataValidation (270)
[2019.01.12-01.55.51:514][ 52]LogModuleManager: Shutting down and abandoning module AssetManagerEditor (268)
[2019.01.12-01.55.51:514][ 52]LogModuleManager: Shutting down and abandoning module LevelEditor (267)
[2019.01.12-01.55.51:514][ 52]LogModuleManager: Shutting down and abandoning module PixelInspectorModule (266)
[2019.01.12-01.55.51:514][ 52]LogModuleManager: Shutting down and abandoning module CommonMenuExtensions (264)
[2019.01.12-01.55.51:515][ 52]LogModuleManager: Shutting down and abandoning module MainFrame (262)
[2019.01.12-01.55.51:515][ 52]LogModuleManager: Shutting down and abandoning module HotReload (261)
[2019.01.12-01.55.51:515][ 52]LogModuleManager: Shutting down and abandoning module ContentBrowser (257)
[2019.01.12-01.55.51:516][ 52]LogModuleManager: Shutting down and abandoning module TreeMap (255)
[2019.01.12-01.55.51:516][ 52]LogModuleManager: Shutting down and abandoning module LightPropagationVolumeRuntime (252)
[2019.01.12-01.55.51:516][ 52]LogModuleManager: Shutting down and abandoning module AISupportModule (250)
[2019.01.12-01.55.51:516][ 52]LogModuleManager: Shutting down and abandoning module Paper2D (248)
[2019.01.12-01.55.51:516][ 52]LogModuleManager: Shutting down and abandoning module WindowsMoviePlayer (246)
[2019.01.12-01.55.51:516][ 52]LogModuleManager: Shutting down and abandoning module WmfMedia (244)
[2019.01.12-01.55.51:518][ 52]LogModuleManager: Shutting down and abandoning module Media (243)
[2019.01.12-01.55.51:524][ 52]LogModuleManager: Shutting down and abandoning module PacketHandler (240)
[2019.01.12-01.55.51:524][ 52]LogModuleManager: Shutting down and abandoning module ClothingSystemEditor (238)
[2019.01.12-01.55.51:524][ 52]LogModuleManager: Shutting down and abandoning module ClothingSystemRuntime (236)
[2019.01.12-01.55.51:524][ 52]LogModuleManager: Shutting down and abandoning module MediaAssets (234)
[2019.01.12-01.55.51:524][ 52]LogModuleManager: Shutting down and abandoning module Overlay (232)
[2019.01.12-01.55.51:524][ 52]LogModuleManager: Shutting down and abandoning module OverlayEditor (231)
[2019.01.12-01.55.51:524][ 52]LogModuleManager: Shutting down and abandoning module VREditor (228)
[2019.01.12-01.55.51:524][ 52]LogModuleManager: Shutting down and abandoning module StringTableEditor (226)
[2019.01.12-01.55.51:524][ 52]LogModuleManager: Shutting down and abandoning module GameplayTasksEditor (224)
[2019.01.12-01.55.51:524][ 52]LogModuleManager: Shutting down and abandoning module BehaviorTreeEditor (222)
[2019.01.12-01.55.51:524][ 52]LogModuleManager: Shutting down and abandoning module FunctionalTesting (220)
[2019.01.12-01.55.51:524][ 52]LogModuleManager: Shutting down and abandoning module CollisionAnalyzer (218)
[2019.01.12-01.55.51:524][ 52]LogModuleManager: Shutting down and abandoning module WorkspaceMenuStructure (217)
[2019.01.12-01.55.51:524][ 52]LogModuleManager: Shutting down and abandoning module UMG (214)
[2019.01.12-01.55.51:525][ 52]LogModuleManager: Shutting down and abandoning module UMGEditor (213)
[2019.01.12-01.55.51:525][ 52]LogModuleManager: Shutting down and abandoning module Sequencer (212)
[2019.01.12-01.55.51:525][ 52]LogModuleManager: Shutting down and abandoning module MessageLog (209)
[2019.01.12-01.55.51:525][ 52]LogModuleManager: Shutting down and abandoning module SlateReflector (204)
[2019.01.12-01.55.51:525][ 52]LogModuleManager: Shutting down and abandoning module Slate (202)
[2019.01.12-01.55.51:525][ 52]LogModuleManager: Shutting down and abandoning module EditorStyle (200)
[2019.01.12-01.55.51:526][ 52]LogModuleManager: Shutting down and abandoning module MRMesh (198)
[2019.01.12-01.55.51:526][ 52]LogModuleManager: Shutting down and abandoning module SourceCodeAccess (196)
[2019.01.12-01.55.51:526][ 52]LogModuleManager: Shutting down and abandoning module HeadMountedDisplay (194)
[2019.01.12-01.55.51:526][ 52]LogModuleManager: Shutting down and abandoning module XAudio2 (192)
[2019.01.12-01.55.51:526][ 52]LogModuleManager: Shutting down and abandoning module Networking (190)
[2019.01.12-01.55.51:526][ 52]LogModuleManager: Shutting down and abandoning module Core (188)
[2019.01.12-01.55.51:526][ 52]LogModuleManager: Shutting down and abandoning module LevelSequence (186)
[2019.01.12-01.55.51:526][ 52]LogModuleManager: Shutting down and abandoning module KismetCompiler (184)
[2019.01.12-01.55.51:526][ 52]LogModuleManager: Shutting down and abandoning module MeshUtilities (182)
[2019.01.12-01.55.51:526][ 52]LogModuleManager: Shutting down and abandoning module MeshMergeUtilities (181)
[2019.01.12-01.55.51:526][ 52]LogModuleManager: Shutting down and abandoning module MeshReductionInterface (180)
[2019.01.12-01.55.51:526][ 52]LogModuleManager: Shutting down and abandoning module SimplygonSwarm (179)
[2019.01.12-01.55.51:526][ 52]LogModuleManager: Shutting down and abandoning module ProxyLODMeshReduction (177)
[2019.01.12-01.55.51:526][ 52]LogModuleManager: Shutting down and abandoning module SimplygonMeshReduction (175)
[2019.01.12-01.55.51:526][ 52]LogModuleManager: Shutting down and abandoning module QuadricMeshReduction (173)
[2019.01.12-01.55.51:526][ 52]LogModuleManager: Shutting down and abandoning module MaterialBaking (169)
[2019.01.12-01.55.51:526][ 52]LogModuleManager: Shutting down and abandoning module DirectoryWatcher (165)
[2019.01.12-01.55.51:526][ 52]LogModuleManager: Shutting down and abandoning module DerivedDataCache (162)
[2019.01.12-01.55.51:576][ 52]LogDerivedDataCache: Shutdown
[2019.01.12-01.55.51:576][ 52]LogModuleManager: Shutting down and abandoning module XGEController (160)
[2019.01.12-01.55.51:576][ 52]LogModuleManager: Shutting down and abandoning module TargetPlatform (158)
[2019.01.12-01.55.51:576][ 52]LogModuleManager: Shutting down and abandoning module VulkanShaderFormat (157)
[2019.01.12-01.55.51:576][ 52]LogModuleManager: Shutting down and abandoning module ShaderFormatVectorVM (155)
[2019.01.12-01.55.51:576][ 52]LogModuleManager: Shutting down and abandoning module ShaderFormatOpenGL (153)
[2019.01.12-01.55.51:576][ 52]LogModuleManager: Shutting down and abandoning module ShaderFormatD3D (151)
[2019.01.12-01.55.51:576][ 52]LogModuleManager: Shutting down and abandoning module MetalShaderFormat (149)
[2019.01.12-01.55.51:576][ 52]LogModuleManager: Shutting down and abandoning module TextureFormatUncompressed (147)
[2019.01.12-01.55.51:576][ 52]LogModuleManager: Shutting down and abandoning module TextureFormatPVR (145)
[2019.01.12-01.55.51:576][ 52]LogModuleManager: Shutting down and abandoning module TextureFormatDXT (143)
[2019.01.12-01.55.51:576][ 52]LogModuleManager: Shutting down and abandoning module TextureFormatIntelISPCTexComp (141)
[2019.01.12-01.55.51:577][ 52]LogModuleManager: Shutting down and abandoning module TextureFormatASTC (139)
[2019.01.12-01.55.51:577][ 52]LogModuleManager: Shutting down and abandoning module ImageWrapper (138)
[2019.01.12-01.55.51:577][ 52]LogModuleManager: Shutting down and abandoning module TextureFormatAndroid (135)
[2019.01.12-01.55.51:577][ 52]LogModuleManager: Shutting down and abandoning module AudioFormatOpus (133)
[2019.01.12-01.55.51:577][ 52]LogModuleManager: Shutting down and abandoning module AudioFormatOgg (131)
[2019.01.12-01.55.51:577][ 52]LogModuleManager: Shutting down and abandoning module AudioFormatADPCM (129)
[2019.01.12-01.55.51:577][ 52]LogModuleManager: Shutting down and abandoning module LuminTargetPlatform (127)
[2019.01.12-01.55.51:577][ 52]LogModuleManager: Shutting down and abandoning module LinuxTargetPlatform (125)
[2019.01.12-01.55.51:577][ 52]LogModuleManager: Shutting down and abandoning module LinuxServerTargetPlatform (123)
[2019.01.12-01.55.51:577][ 52]LogModuleManager: Shutting down and abandoning module LinuxNoEditorTargetPlatform (121)
[2019.01.12-01.55.51:577][ 52]LogModuleManager: Shutting down and abandoning module LinuxClientTargetPlatform (119)
[2019.01.12-01.55.51:577][ 52]LogModuleManager: Shutting down and abandoning module TVOSTargetPlatform (117)
[2019.01.12-01.55.51:577][ 52]LogModuleManager: Shutting down and abandoning module Messaging (115)
[2019.01.12-01.55.51:577][ 52]LogModuleManager: Shutting down and abandoning module IOSTargetPlatform (113)
[2019.01.12-01.55.51:578][ 52]LogModuleManager: Shutting down and abandoning module HTML5TargetPlatform (111)
[2019.01.12-01.55.51:578][ 52]LogModuleManager: Shutting down and abandoning module AndroidTargetPlatform (109)
[2019.01.12-01.55.51:584][ 52]LogModuleManager: Shutting down and abandoning module WindowsTargetPlatform (107)
[2019.01.12-01.55.51:585][ 52]LogModuleManager: Shutting down and abandoning module WindowsServerTargetPlatform (105)
[2019.01.12-01.55.51:585][ 52]LogModuleManager: Shutting down and abandoning module WindowsNoEditorTargetPlatform (103)
[2019.01.12-01.55.51:585][ 52]LogModuleManager: Shutting down and abandoning module WindowsClientTargetPlatform (101)
[2019.01.12-01.55.51:585][ 52]LogModuleManager: Shutting down and abandoning module MacTargetPlatform (99)
[2019.01.12-01.55.51:585][ 52]LogModuleManager: Shutting down and abandoning module MacServerTargetPlatform (97)
[2019.01.12-01.55.51:585][ 52]LogModuleManager: Shutting down and abandoning module MacNoEditorTargetPlatform (95)
[2019.01.12-01.55.51:585][ 52]LogModuleManager: Shutting down and abandoning module MacClientTargetPlatform (93)
[2019.01.12-01.55.51:585][ 52]LogModuleManager: Shutting down and abandoning module AllDesktopTargetPlatform (91)
[2019.01.12-01.55.51:585][ 52]LogModuleManager: Shutting down and abandoning module InputCore (88)
[2019.01.12-01.55.51:585][ 52]LogModuleManager: Shutting down and abandoning module Settings (86)
[2019.01.12-01.55.51:585][ 52]LogModuleManager: Shutting down and abandoning module PhysXCooking (84)
[2019.01.12-01.55.51:585][ 52]LogModuleManager: Shutting down and abandoning module SteamVR (82)
[2019.01.12-01.55.51:585][ 52]LogModuleManager: Shutting down and abandoning module OculusHMD (80)
[2019.01.12-01.55.51:585][ 52]LogModuleManager: Shutting down and abandoning module ExampleDeviceProfileSelector (78)
[2019.01.12-01.55.51:585][ 52]LogModuleManager: Shutting down and abandoning module LauncherChunkInstaller (76)
[2019.01.12-01.55.51:585][ 52]LogModuleManager: Shutting down and abandoning module OnlineBlueprintSupport (74)
[2019.01.12-01.55.51:585][ 52]LogModuleManager: Shutting down and abandoning module OnlineSubsystem (70)
[2019.01.12-01.55.51:585][ 52]LogModuleManager: Shutting down and abandoning module XMPP (65)
[2019.01.12-01.55.51:586][ 52]LogModuleManager: Shutting down and abandoning module WebSockets (64)
[2019.01.12-01.55.51:606][ 52]LogModuleManager: Shutting down and abandoning module HTTP (61)
[2019.01.12-01.55.51:608][ 52]LogHttp: Display: Http module shutting down, but needs to wait on 1 outstanding Http requests:
[2019.01.12-01.55.51:608][ 52]LogHttp: Display: 	verb=[POST] url=[https://datarouter.ol.epicgames.com/datarouter/api/v1/public/data?SessionID=%7B5E61FE75-495F-0D3A-FC81-9A9ABF0241FA%7D&AppID=UEEditor.Rocket.Release&AppVersion=4.20.3-4369336%2B%2B%2BUE4%2BRelease-4.20&UserID=f8e34ec844110aa10ecc34a64c0b1441%7C7baff1ba793f4c15b6eabbe95d165795%7C5c309c73-8e07-4a89-ae10-620ca74374c8&AppEnvironment=datacollector-binary&UploadType=eteventstream] status=Processing
[2019.01.12-01.55.51:629][ 52]LogModuleManager: Shutting down and abandoning module SSL (60)
[2019.01.12-01.55.51:630][ 52]LogModuleManager: Shutting down and abandoning module MagicLeapEmulator (56)
[2019.01.12-01.55.51:630][ 52]LogModuleManager: Shutting down and abandoning module MagicLeapPrivileges (54)
[2019.01.12-01.55.51:630][ 52]LogModuleManager: Shutting down and abandoning module MagicLeapIdentity (52)
[2019.01.12-01.55.51:630][ 52]LogModuleManager: Shutting down and abandoning module MagicLeapHelperVulkan (50)
[2019.01.12-01.55.51:630][ 52]LogModuleManager: Shutting down and abandoning module MagicLeapHelperOpenGL (48)
[2019.01.12-01.55.51:630][ 52]LogModuleManager: Shutting down and abandoning module MagicLeapSecureStorage (46)
[2019.01.12-01.55.51:630][ 52]LogModuleManager: Shutting down and abandoning module MagicLeapGestures (44)
[2019.01.12-01.55.51:630][ 52]LogModuleManager: Shutting down and abandoning module MagicLeapEyeTracker (42)
[2019.01.12-01.55.51:630][ 52]LogModuleManager: Shutting down and abandoning module MagicLeapController (40)
[2019.01.12-01.55.51:630][ 52]LogSlate: Slate User Destroyed.  User Index 0, Is Virtual User: 0
[2019.01.12-01.55.51:630][ 52]LogModuleManager: Shutting down and abandoning module MagicLeap (38)
[2019.01.12-01.55.51:630][ 52]LogModuleManager: Shutting down and abandoning module AnimationModifiers (36)
[2019.01.12-01.55.51:630][ 52]LogModuleManager: Shutting down and abandoning module PropertyEditor (35)
[2019.01.12-01.55.51:630][ 52]LogModuleManager: Shutting down and abandoning module AudioEditor (32)
[2019.01.12-01.55.51:630][ 52]LogModuleManager: Shutting down and abandoning module TextureCompressor (30)
[2019.01.12-01.55.51:630][ 52]LogModuleManager: Shutting down and abandoning module ShaderCore (28)
[2019.01.12-01.55.51:630][ 52]LogModuleManager: Shutting down and abandoning module Landscape (26)
[2019.01.12-01.55.51:630][ 52]LogModuleManager: Shutting down and abandoning module SlateRHIRenderer (24)
[2019.01.12-01.55.51:631][ 52]LogModuleManager: Shutting down and abandoning module OpenGLDrv (22)
[2019.01.12-01.55.51:631][ 52]LogModuleManager: Shutting down and abandoning module D3D11RHI (20)
[2019.01.12-01.55.51:631][ 52]LogModuleManager: Shutting down and abandoning module AnimGraphRuntime (18)
[2019.01.12-01.55.51:631][ 52]LogModuleManager: Shutting down and abandoning module Renderer (16)
[2019.01.12-01.55.51:631][ 52]LogModuleManager: Shutting down and abandoning module Engine (14)
[2019.01.12-01.55.51:631][ 52]LogModuleManager: Shutting down and abandoning module CoreUObject (12)
[2019.01.12-01.55.51:631][ 52]LogModuleManager: Shutting down and abandoning module NetworkFile (10)
[2019.01.12-01.55.51:631][ 52]LogModuleManager: Shutting down and abandoning module CookedIterativeFile (8)
[2019.01.12-01.55.51:631][ 52]LogModuleManager: Shutting down and abandoning module StreamingFile (6)
[2019.01.12-01.55.51:631][ 52]LogModuleManager: Shutting down and abandoning module SandboxFile (4)
[2019.01.12-01.55.51:631][ 52]LogModuleManager: Shutting down and abandoning module PakFile (2)
[2019.01.12-01.55.51:636][ 52]LogExit: Exiting.
[2019.01.12-01.55.51:640][ 52]Log file closed, 01/11/19 20:55:51
